11:16:54.529 [restartedMain] INFO br.com.vinicius.springboot.config.AppSpringBoot - Starting AppSpringBoot on SAO-D1FR9R2 with PID 18648 (C:\Users\vduarteg\Documents\Meus-projetos\spring-boot\target\classes started by vduarteg in C:\Users\vduarteg\Documents\Meus-projetos\spring-boot)
11:16:54.532 [restartedMain] DEBUG br.com.vinicius.springboot.config.AppSpringBoot - Running with Spring Boot v2.0.0.RELEASE, Spring v5.0.4.RELEASE
11:16:54.533 [restartedMain] INFO br.com.vinicius.springboot.config.AppSpringBoot - The following profiles are active: dev
11:16:54.603 [restartedMain] INFO org.springframework.boot.web.servlet.context.AnnotationConfigServletWebServerApplicationContext - Refreshing org.springframework.boot.web.servlet.context.AnnotationConfigServletWebServerApplicationContext@4c99ba17: startup date [Mon Jul 22 11:16:54 BRT 2019]; root of context hierarchy
11:16:56.063 [restartedMain] INFO org.springframework.context.support.PostProcessorRegistrationDelegate$BeanPostProcessorChecker - Bean 'org.springframework.security.config.annotation.configuration.ObjectPostProcessorConfiguration' of type [org.springframework.security.config.annotation.configuration.ObjectPostProcessorConfiguration$$EnhancerBySpringCGLIB$$ae7f2017] is not eligible for getting processed by all BeanPostProcessors (for example: not eligible for auto-proxying)
11:16:56.088 [restartedMain] INFO org.springframework.context.support.PostProcessorRegistrationDelegate$BeanPostProcessorChecker - Bean 'objectPostProcessor' of type [org.springframework.security.config.annotation.configuration.AutowireBeanFactoryObjectPostProcessor] is not eligible for getting processed by all BeanPostProcessors (for example: not eligible for auto-proxying)
11:16:56.092 [restartedMain] INFO org.springframework.context.support.PostProcessorRegistrationDelegate$BeanPostProcessorChecker - Bean 'org.springframework.security.access.expression.method.DefaultMethodSecurityExpressionHandler@7c913aa5' of type [org.springframework.security.access.expression.method.DefaultMethodSecurityExpressionHandler] is not eligible for getting processed by all BeanPostProcessors (for example: not eligible for auto-proxying)
11:16:56.101 [restartedMain] INFO org.springframework.context.support.PostProcessorRegistrationDelegate$BeanPostProcessorChecker - Bean 'org.springframework.security.config.annotation.method.configuration.GlobalMethodSecurityConfiguration' of type [org.springframework.security.config.annotation.method.configuration.GlobalMethodSecurityConfiguration$$EnhancerBySpringCGLIB$$d353c2c9] is not eligible for getting processed by all BeanPostProcessors (for example: not eligible for auto-proxying)
11:16:56.114 [restartedMain] INFO org.springframework.context.support.PostProcessorRegistrationDelegate$BeanPostProcessorChecker - Bean 'methodSecurityMetadataSource' of type [org.springframework.security.access.method.DelegatingMethodSecurityMetadataSource] is not eligible for getting processed by all BeanPostProcessors (for example: not eligible for auto-proxying)
11:16:56.779 [restartedMain] INFO org.springframework.boot.web.embedded.tomcat.TomcatWebServer - Tomcat initialized with port(s): 8082 (http)
11:16:56.800 [restartedMain] INFO org.apache.coyote.http11.Http11NioProtocol - Initializing ProtocolHandler ["http-nio-8082"]
11:16:56.819 [restartedMain] INFO org.apache.catalina.core.StandardService - Starting service [Tomcat]
11:16:56.820 [restartedMain] INFO org.apache.catalina.core.StandardEngine - Starting Servlet Engine: Apache Tomcat/8.5.28
11:16:56.833 [localhost-startStop-1] INFO org.apache.catalina.core.AprLifecycleListener - The APR based Apache Tomcat Native library which allows optimal performance in production environments was not found on the java.library.path: [C:\Program Files\Java\jre1.8.0_181\bin;C:\WINDOWS\Sun\Java\bin;C:\WINDOWS\system32;C:\WINDOWS;C:\app\oracle\product\11.2.0\client_1\bin;C:\app\vduarteg\product\11.2.0\client_1;C:\Program Files (x86)\Common Files\Oracle\Java\javapath;C:\WINDOWS\system32;C:\WINDOWS;C:\WINDOWS\System32\Wbem;C:\WINDOWS\System32\WindowsPowerShell\v1.0\;C:\Program Files\TortoiseSVN\bin;C:\Users\vduarteg\Documents\workspaces\apache-maven-3.2.3\bin;C:\Program Files\nodejs\;C:\Program Files\Java\jdk1.8.0_181\bin;C:\Python27;C:\Gradle\gradle-5.1.1\bin;C:\Android\sdk\tools;C:\Android\sdk\tools\bin;C:\Android\sdk\platform-tools;C:\Android\sdk\build-tools\26.0.3;C:\Program Files\MongoDB\Server\4.0\bin;C:\Program Files\dotnet\;C:\Users\vduarteg\AppData\Local\Programs\Python\Python37\Scripts\;C:\Users\vduarteg\AppData\Local\Programs\Python\Python37\;C:\Users\vduarteg\AppData\Local\Microsoft\WindowsApps;C:\Program Files\heroku\bin;C:\Users\vduarteg\AppData\Local\Programs\Microsoft VS Code\bin;C:\Users\vduarteg\AppData\Roaming\npm;C:\mysql-shell-8.0.14-windows-x86-64bit\bin;;.]
11:16:57.067 [localhost-startStop-1] INFO org.apache.catalina.core.ContainerBase.[Tomcat].[localhost].[/] - Initializing Spring embedded WebApplicationContext
11:16:57.067 [localhost-startStop-1] INFO org.springframework.web.context.ContextLoader - Root WebApplicationContext: initialization completed in 2465 ms
11:16:57.360 [localhost-startStop-1] INFO org.springframework.boot.web.servlet.FilterRegistrationBean - Mapping filter: 'characterEncodingFilter' to: [/*]
11:16:57.360 [localhost-startStop-1] INFO org.springframework.boot.web.servlet.FilterRegistrationBean - Mapping filter: 'hiddenHttpMethodFilter' to: [/*]
11:16:57.360 [localhost-startStop-1] INFO org.springframework.boot.web.servlet.FilterRegistrationBean - Mapping filter: 'httpPutFormContentFilter' to: [/*]
11:16:57.360 [localhost-startStop-1] INFO org.springframework.boot.web.servlet.FilterRegistrationBean - Mapping filter: 'requestContextFilter' to: [/*]
11:16:57.360 [localhost-startStop-1] INFO org.springframework.boot.web.servlet.DelegatingFilterProxyRegistrationBean - Mapping filter: 'springSecurityFilterChain' to: [/*]
11:16:57.360 [localhost-startStop-1] INFO org.springframework.boot.web.servlet.ServletRegistrationBean - Servlet dispatcherServlet mapped to [/]
11:16:57.362 [localhost-startStop-1] INFO org.springframework.boot.web.servlet.ServletRegistrationBean - Servlet webServlet mapped to [/h2-console/*]
11:16:58.279 [restartedMain] INFO org.mongodb.driver.cluster - Cluster created with settings {hosts=[localhost:27017], mode=SINGLE, requiredClusterType=UNKNOWN, serverSelectionTimeout='30000 ms', maxWaitQueueSize=500}
11:16:58.305 [restartedMain] DEBUG org.mongodb.driver.cluster - Updating cluster description to  {type=UNKNOWN, servers=[{address=localhost:27017, type=UNKNOWN, state=CONNECTING}]
11:16:58.367 [cluster-ClusterId{value='5d35c55adaeb6b48d8503d8b', description='null'}-localhost:27017] INFO org.mongodb.driver.connection - Opened connection [connectionId{localValue:1, serverValue:86}] to localhost:27017
11:16:58.368 [cluster-ClusterId{value='5d35c55adaeb6b48d8503d8b', description='null'}-localhost:27017] DEBUG org.mongodb.driver.cluster - Checking status of localhost:27017
11:16:58.372 [cluster-ClusterId{value='5d35c55adaeb6b48d8503d8b', description='null'}-localhost:27017] INFO org.mongodb.driver.cluster - Monitor thread successfully connected to server with description ServerDescription{address=localhost:27017, type=STANDALONE, state=CONNECTED, ok=true, version=ServerVersion{versionList=[4, 0, 5]}, minWireVersion=0, maxWireVersion=7, maxDocumentSize=16777216, logicalSessionTimeoutMinutes=30, roundTripTimeNanos=3259949}
11:16:58.375 [cluster-ClusterId{value='5d35c55adaeb6b48d8503d8b', description='null'}-localhost:27017] DEBUG org.mongodb.driver.cluster - Updating cluster description to  {type=STANDALONE, servers=[{address=localhost:27017, type=STANDALONE, roundTripTime=3.3 ms, state=CONNECTED}]
11:16:59.310 [restartedMain] DEBUG com.amazonaws.AmazonWebServiceClient - Internal logging successfully configured to commons logger: true
11:16:59.322 [restartedMain] DEBUG com.amazonaws.metrics.AwsSdkMetrics - Admin mbean registered under com.amazonaws.management:type=AwsSdkMetrics
11:16:59.544 [restartedMain] DEBUG com.amazonaws.monitoring.CsmConfigurationProviderChain - Unable to load configuration from com.amazonaws.monitoring.EnvironmentVariableCsmConfigurationProvider@6b3ccb9: Unable to load Client Side Monitoring configurations from environment variables!
11:16:59.544 [restartedMain] DEBUG com.amazonaws.monitoring.CsmConfigurationProviderChain - Unable to load configuration from com.amazonaws.monitoring.SystemPropertyCsmConfigurationProvider@33566bc1: Unable to load Client Side Monitoring configurations from system properties variables!
11:16:59.544 [java-sdk-http-connection-reaper] DEBUG org.apache.http.impl.conn.PoolingHttpClientConnectionManager - Closing connections idle longer than 60000 MILLISECONDS
11:16:59.546 [restartedMain] DEBUG com.amazonaws.monitoring.CsmConfigurationProviderChain - Unable to load configuration from com.amazonaws.monitoring.ProfileCsmConfigurationProvider@cc39a8e: Unable to load config file
11:17:00.237 [restartedMain] INFO org.springframework.security.web.DefaultSecurityFilterChain - Creating filter chain: org.springframework.security.web.util.matcher.AnyRequestMatcher@1, [org.springframework.security.web.context.request.async.WebAsyncManagerIntegrationFilter@285884fb, org.springframework.security.web.context.SecurityContextPersistenceFilter@c01d8d8, org.springframework.security.web.header.HeaderWriterFilter@6ffe1de6, org.springframework.web.filter.CorsFilter@44c9640c, org.springframework.security.web.authentication.logout.LogoutFilter@3a08922f, br.com.vinicius.springboot.security.JWTAuthenticationFilter@1865ec2e, br.com.vinicius.springboot.security.JWTAuthorizationFilter@200f895, org.springframework.security.web.savedrequest.RequestCacheAwareFilter@523e2263, org.springframework.security.web.servletapi.SecurityContextHolderAwareRequestFilter@7f52a621, org.springframework.security.web.authentication.AnonymousAuthenticationFilter@6e93cb72, org.springframework.security.web.session.SessionManagementFilter@3ae5060f, org.springframework.security.web.access.ExceptionTranslationFilter@56722066, org.springframework.security.web.access.intercept.FilterSecurityInterceptor@681ee953]
11:17:00.674 [restartedMain] INFO org.springframework.web.servlet.mvc.method.annotation.RequestMappingHandlerAdapter - Looking for @ControllerAdvice: org.springframework.boot.web.servlet.context.AnnotationConfigServletWebServerApplicationContext@4c99ba17: startup date [Mon Jul 22 11:16:54 BRT 2019]; root of context hierarchy
11:17:00.785 [restartedMain] INFO org.springframework.web.servlet.mvc.method.annotation.RequestMappingHandlerMapping - Mapped "{[/auth/forgot],methods=[POST]}" onto public org.springframework.http.ResponseEntity<java.lang.Void> br.com.vinicius.springboot.controller.AuthController.forgot(br.com.vinicius.springboot.dto.UserDTO)
11:17:00.786 [restartedMain] INFO org.springframework.web.servlet.mvc.method.annotation.RequestMappingHandlerMapping - Mapped "{[/auth/refresh_token],methods=[POST]}" onto public org.springframework.http.ResponseEntity<java.lang.Void> br.com.vinicius.springboot.controller.AuthController.refreshToken(javax.servlet.http.HttpServletResponse)
11:17:00.788 [restartedMain] INFO org.springframework.web.servlet.mvc.method.annotation.RequestMappingHandlerMapping - Mapped "{[/categorias/{id}],methods=[GET]}" onto public org.springframework.http.ResponseEntity<br.com.vinicius.springboot.domain.Categoria> br.com.vinicius.springboot.controller.CategoriaController.find(java.lang.String)
11:17:00.789 [restartedMain] INFO org.springframework.web.servlet.mvc.method.annotation.RequestMappingHandlerMapping - Mapped "{[/categorias],methods=[POST]}" onto public org.springframework.http.ResponseEntity<java.lang.Void> br.com.vinicius.springboot.controller.CategoriaController.insert(br.com.vinicius.springboot.dto.CategoriaDTO)
11:17:00.789 [restartedMain] INFO org.springframework.web.servlet.mvc.method.annotation.RequestMappingHandlerMapping - Mapped "{[/categorias/list],methods=[GET]}" onto public org.springframework.http.ResponseEntity<java.util.List<br.com.vinicius.springboot.dto.CategoriaDTO>> br.com.vinicius.springboot.controller.CategoriaController.getCategoriaList()
11:17:00.792 [restartedMain] INFO org.springframework.web.servlet.mvc.method.annotation.RequestMappingHandlerMapping - Mapped "{[/clientes/add],methods=[POST]}" onto public org.springframework.http.ResponseEntity<br.com.vinicius.springboot.domain.Cliente> br.com.vinicius.springboot.controller.ClienteController.add(br.com.vinicius.springboot.domain.Cliente)
11:17:00.792 [restartedMain] INFO org.springframework.web.servlet.mvc.method.annotation.RequestMappingHandlerMapping - Mapped "{[/clientes/{id}],methods=[GET]}" onto public org.springframework.http.ResponseEntity<br.com.vinicius.springboot.domain.Cliente> br.com.vinicius.springboot.controller.ClienteController.find(java.lang.String)
11:17:00.793 [restartedMain] INFO org.springframework.web.servlet.mvc.method.annotation.RequestMappingHandlerMapping - Mapped "{[/clientes/picture],methods=[POST]}" onto public org.springframework.http.ResponseEntity<java.lang.Void> br.com.vinicius.springboot.controller.ClienteController.uploadProfilePicture(org.springframework.web.multipart.MultipartFile)
11:17:00.793 [restartedMain] INFO org.springframework.web.servlet.mvc.method.annotation.RequestMappingHandlerMapping - Mapped "{[/clientes/list],methods=[GET]}" onto public org.springframework.http.ResponseEntity<java.util.List<br.com.vinicius.springboot.domain.Cliente>> br.com.vinicius.springboot.controller.ClienteController.getList()
11:17:00.793 [restartedMain] INFO org.springframework.web.servlet.mvc.method.annotation.RequestMappingHandlerMapping - Mapped "{[/clientes/findbyemail],methods=[GET]}" onto public org.springframework.http.ResponseEntity<br.com.vinicius.springboot.domain.Cliente> br.com.vinicius.springboot.controller.ClienteController.findUser(java.lang.String)
11:17:00.794 [restartedMain] INFO org.springframework.web.servlet.mvc.method.annotation.RequestMappingHandlerMapping - Mapped "{[/clientes/save-playerid],methods=[POST]}" onto public org.springframework.http.ResponseEntity<java.lang.Void> br.com.vinicius.springboot.controller.ClienteController.savePlayerId(java.lang.String)
11:17:00.795 [restartedMain] INFO org.springframework.web.servlet.mvc.method.annotation.RequestMappingHandlerMapping - Mapped "{[/enderecos/cliente/{id}/add],methods=[POST]}" onto public org.springframework.http.ResponseEntity<br.com.vinicius.springboot.domain.Endereco> br.com.vinicius.springboot.controller.EnderecoController.add(br.com.vinicius.springboot.domain.Endereco,java.lang.String)
11:17:00.796 [restartedMain] INFO org.springframework.web.servlet.mvc.method.annotation.RequestMappingHandlerMapping - Mapped "{[/enderecos/cliente/{id}],methods=[GET]}" onto public org.springframework.http.ResponseEntity<java.util.List<br.com.vinicius.springboot.domain.Endereco>> br.com.vinicius.springboot.controller.EnderecoController.get(java.lang.String)
11:17:00.797 [restartedMain] INFO org.springframework.web.servlet.mvc.method.annotation.RequestMappingHandlerMapping - Mapped "{[/estados],methods=[GET]}" onto public org.springframework.http.ResponseEntity<java.util.List<br.com.vinicius.springboot.dto.EstadoDTO>> br.com.vinicius.springboot.controller.EstadosController.findAll()
11:17:00.797 [restartedMain] INFO org.springframework.web.servlet.mvc.method.annotation.RequestMappingHandlerMapping - Mapped "{[/estados/{estadoId}/cidades],methods=[GET]}" onto public org.springframework.http.ResponseEntity<java.util.List<java.lang.String>> br.com.vinicius.springboot.controller.EstadosController.findCidades(java.lang.String)
11:17:00.801 [restartedMain] INFO org.springframework.web.servlet.mvc.method.annotation.RequestMappingHandlerMapping - Mapped "{[/pedidos/add],methods=[POST]}" onto public org.springframework.http.ResponseEntity<java.lang.Void> br.com.vinicius.springboot.controller.PedidoController.add(br.com.vinicius.springboot.dto.newPedidoDTO)
11:17:00.801 [restartedMain] INFO org.springframework.web.servlet.mvc.method.annotation.RequestMappingHandlerMapping - Mapped "{[/pedidos/{id}],methods=[GET]}" onto public org.springframework.http.ResponseEntity<br.com.vinicius.springboot.domain.Pedido> br.com.vinicius.springboot.controller.PedidoController.get(java.lang.String)
11:17:00.801 [restartedMain] INFO org.springframework.web.servlet.mvc.method.annotation.RequestMappingHandlerMapping - Mapped "{[/pedidos/cliente/{id}],methods=[GET]}" onto public org.springframework.http.ResponseEntity<java.util.List<br.com.vinicius.springboot.domain.Pedido>> br.com.vinicius.springboot.controller.PedidoController.getCliente(java.lang.String)
11:17:00.803 [restartedMain] INFO org.springframework.web.servlet.mvc.method.annotation.RequestMappingHandlerMapping - Mapped "{[/produtos/add],methods=[POST]}" onto public org.springframework.http.ResponseEntity<br.com.vinicius.springboot.domain.Produto> br.com.vinicius.springboot.controller.ProdutoController.add(br.com.vinicius.springboot.domain.Produto)
11:17:00.804 [restartedMain] INFO org.springframework.web.servlet.mvc.method.annotation.RequestMappingHandlerMapping - Mapped "{[/produtos/{id}],methods=[PUT]}" onto public org.springframework.http.ResponseEntity<br.com.vinicius.springboot.domain.Produto> br.com.vinicius.springboot.controller.ProdutoController.update(br.com.vinicius.springboot.domain.Produto,java.lang.String)
11:17:00.804 [restartedMain] INFO org.springframework.web.servlet.mvc.method.annotation.RequestMappingHandlerMapping - Mapped "{[/produtos/{id}],methods=[GET]}" onto public org.springframework.http.ResponseEntity<br.com.vinicius.springboot.domain.Produto> br.com.vinicius.springboot.controller.ProdutoController.find(java.lang.String)
11:17:00.804 [restartedMain] INFO org.springframework.web.servlet.mvc.method.annotation.RequestMappingHandlerMapping - Mapped "{[/produtos/picture/{id}],methods=[PUT]}" onto public org.springframework.http.ResponseEntity<java.lang.Void> br.com.vinicius.springboot.controller.ProdutoController.picture(java.lang.String,org.springframework.web.multipart.MultipartFile)
11:17:00.805 [restartedMain] INFO org.springframework.web.servlet.mvc.method.annotation.RequestMappingHandlerMapping - Mapped "{[/produtos/list],methods=[GET]}" onto public org.springframework.http.ResponseEntity<org.springframework.data.domain.Page<br.com.vinicius.springboot.domain.Produto>> br.com.vinicius.springboot.controller.ProdutoController.findByCategorias(java.lang.String,java.lang.Integer,java.lang.Integer,java.lang.String,java.lang.String)
11:17:00.808 [restartedMain] INFO org.springframework.web.servlet.mvc.method.annotation.RequestMappingHandlerMapping - Mapped "{[/error]}" onto public org.springframework.http.ResponseEntity<java.util.Map<java.lang.String, java.lang.Object>> org.springframework.boot.autoconfigure.web.servlet.error.BasicErrorController.error(javax.servlet.http.HttpServletRequest)
11:17:00.809 [restartedMain] INFO org.springframework.web.servlet.mvc.method.annotation.RequestMappingHandlerMapping - Mapped "{[/error],produces=[text/html]}" onto public org.springframework.web.servlet.ModelAndView org.springframework.boot.autoconfigure.web.servlet.error.BasicErrorController.errorHtml(javax.servlet.http.HttpServletRequest,javax.servlet.http.HttpServletResponse)
11:17:00.900 [restartedMain] INFO org.springframework.web.servlet.handler.SimpleUrlHandlerMapping - Mapped URL path [/webjars/**] onto handler of type [class org.springframework.web.servlet.resource.ResourceHttpRequestHandler]
11:17:00.900 [restartedMain] INFO org.springframework.web.servlet.handler.SimpleUrlHandlerMapping - Mapped URL path [/**] onto handler of type [class org.springframework.web.servlet.resource.ResourceHttpRequestHandler]
11:17:00.937 [restartedMain] INFO org.springframework.web.servlet.mvc.method.annotation.ExceptionHandlerExceptionResolver - Detected @ExceptionHandler methods in controllerExceptionHandler
11:17:00.987 [restartedMain] INFO org.springframework.web.servlet.handler.SimpleUrlHandlerMapping - Mapped URL path [/**/favicon.ico] onto handler of type [class org.springframework.web.servlet.resource.ResourceHttpRequestHandler]
11:17:01.277 [restartedMain] INFO org.springframework.boot.devtools.autoconfigure.OptionalLiveReloadServer - LiveReload server is running on port 35729
11:17:01.331 [restartedMain] INFO org.springframework.jmx.export.annotation.AnnotationMBeanExporter - Registering beans for JMX exposure on startup
11:17:01.344 [restartedMain] INFO org.apache.coyote.http11.Http11NioProtocol - Starting ProtocolHandler ["http-nio-8082"]
11:17:01.361 [restartedMain] INFO org.apache.tomcat.util.net.NioSelectorPool - Using a shared selector for servlet write/read
11:17:01.383 [restartedMain] INFO org.springframework.boot.web.embedded.tomcat.TomcatWebServer - Tomcat started on port(s): 8082 (http) with context path ''
11:17:01.385 [restartedMain] INFO br.com.vinicius.springboot.config.AppSpringBoot - Started AppSpringBoot in 7.275 seconds (JVM running for 8.291)
11:17:08.376 [cluster-ClusterId{value='5d35c55adaeb6b48d8503d8b', description='null'}-localhost:27017] DEBUG org.mongodb.driver.cluster - Checking status of localhost:27017
11:17:08.379 [cluster-ClusterId{value='5d35c55adaeb6b48d8503d8b', description='null'}-localhost:27017] DEBUG org.mongodb.driver.cluster - Updating cluster description to  {type=STANDALONE, servers=[{address=localhost:27017, type=STANDALONE, roundTripTime=2.8 ms, state=CONNECTED}]
11:17:18.380 [cluster-ClusterId{value='5d35c55adaeb6b48d8503d8b', description='null'}-localhost:27017] DEBUG org.mongodb.driver.cluster - Checking status of localhost:27017
11:17:18.382 [cluster-ClusterId{value='5d35c55adaeb6b48d8503d8b', description='null'}-localhost:27017] DEBUG org.mongodb.driver.cluster - Updating cluster description to  {type=STANDALONE, servers=[{address=localhost:27017, type=STANDALONE, roundTripTime=2.5 ms, state=CONNECTED}]
11:17:28.383 [cluster-ClusterId{value='5d35c55adaeb6b48d8503d8b', description='null'}-localhost:27017] DEBUG org.mongodb.driver.cluster - Checking status of localhost:27017
11:17:28.384 [cluster-ClusterId{value='5d35c55adaeb6b48d8503d8b', description='null'}-localhost:27017] DEBUG org.mongodb.driver.cluster - Updating cluster description to  {type=STANDALONE, servers=[{address=localhost:27017, type=STANDALONE, roundTripTime=2.2 ms, state=CONNECTED}]
11:17:38.385 [cluster-ClusterId{value='5d35c55adaeb6b48d8503d8b', description='null'}-localhost:27017] DEBUG org.mongodb.driver.cluster - Checking status of localhost:27017
11:17:38.386 [cluster-ClusterId{value='5d35c55adaeb6b48d8503d8b', description='null'}-localhost:27017] DEBUG org.mongodb.driver.cluster - Updating cluster description to  {type=STANDALONE, servers=[{address=localhost:27017, type=STANDALONE, roundTripTime=1.9 ms, state=CONNECTED}]
11:17:48.387 [cluster-ClusterId{value='5d35c55adaeb6b48d8503d8b', description='null'}-localhost:27017] DEBUG org.mongodb.driver.cluster - Checking status of localhost:27017
11:17:48.388 [cluster-ClusterId{value='5d35c55adaeb6b48d8503d8b', description='null'}-localhost:27017] DEBUG org.mongodb.driver.cluster - Updating cluster description to  {type=STANDALONE, servers=[{address=localhost:27017, type=STANDALONE, roundTripTime=1.6 ms, state=CONNECTED}]
11:19:53.332 [restartedMain] INFO br.com.vinicius.springboot.config.AppSpringBoot - Starting AppSpringBoot on SAO-D1FR9R2 with PID 13580 (C:\Users\vduarteg\Documents\Meus-projetos\spring-boot\target\classes started by vduarteg in C:\Users\vduarteg\Documents\Meus-projetos\spring-boot)
11:19:53.335 [restartedMain] DEBUG br.com.vinicius.springboot.config.AppSpringBoot - Running with Spring Boot v2.0.0.RELEASE, Spring v5.0.4.RELEASE
11:19:53.337 [restartedMain] INFO br.com.vinicius.springboot.config.AppSpringBoot - The following profiles are active: dev
11:19:53.430 [restartedMain] INFO org.springframework.boot.web.servlet.context.AnnotationConfigServletWebServerApplicationContext - Refreshing org.springframework.boot.web.servlet.context.AnnotationConfigServletWebServerApplicationContext@f12737: startup date [Mon Jul 22 11:19:53 BRT 2019]; root of context hierarchy
